cscope 15 $HOME/ssd/Crosslayer/TestSuite/ECP-proxy/NPB3.4/NPB3.4-MPI/BT               0000001259
	@npbparams.h

1 
c
 
	gCLASS
 = 
D
 
SUBTYPE
 = 
EPIO


2 
c


3 
c


4 
c
 
This
 
fe
 
is
 
g’”©ed
 
autom©iÿÎy
 
by
 
the
 
£¬ams
 
ut™y
.

5 
c
 
It
 
£ts
 
the
 
numb”
 
of
 
´oûssÜs
 
ªd
h
şass
 oàth
NPB


6 
c
 
š
 
this
 
dœeùÜy
. 
Do
 
nÙ
 
modify
 
™
 
by
 
hªd
.

7 
c


8 
š‹g”
 
´obËm_size
, 
n™”_deçuÉ


9 
	$·¿m‘”
 (
´obËm_size
=408, 
n™”_deçuÉ
=250)

10 
´ecisiÚ
 
dt_deçuÉ


11 
	$·¿m‘”
 (
dt_deçuÉ
 = 0.00002d0)

12 
š‹g”
 
wr_deçuÉ


13 
	$·¿m‘”
 (
wr_deçuÉ
 = 5)

14 
š‹g”
 
iÙy³


15 
	$·¿m‘”
 (
iÙy³
 = 3)

16 
ch¬aù”
*(*è
f’m


17 
	`·¿m‘”
 (
f’m
 = 'btio.epio.out')

18 
logiÿl
 
cÚv”tdoubË


19 
	$·¿m‘”
 (
cÚv”tdoubË
 = .
çl£
.)

20 
ch¬aù”
*11 
comp‘ime


21 
	`·¿m‘”
 (
comp‘ime
='16 Mar 2020')

22 
ch¬aù”
*3 
Åbv”siÚ


23 
	`·¿m‘”
 (
Åbv”siÚ
='3.4')

24 
ch¬aù”
*6 
cs1


25 
	`·¿m‘”
 (
cs1
='mpif90')

26 
ch¬aù”
*8 
cs2


27 
	`·¿m‘”
 (
cs2
='$(MPIFC)')

28 
ch¬aù”
*6 
cs3


29 
	`·¿m‘”
 (
cs3
='(none)')

30 
ch¬aù”
*6 
cs4


31 
	`·¿m‘”
 (
cs4
='(none)')

32 
ch¬aù”
*3 
cs5


33 
	`·¿m‘”
 (
cs5
='-O3')

34 
ch¬aù”
*9 
cs6


35 
	`·¿m‘”
 (
cs6
='$(FFLAGS)')

36 
ch¬aù”
*6 
cs7


37 
	`·¿m‘”
 (
cs7
='randi8')

	@
1
.
1
/usr/include
1
12
npbparams.h
